<?xml version="1.0" encoding="UTF-8"?>
<robot generator="Robot 4.1 (Python 3.8.10 on win32)" generated="20220119 11:14:28.315" rpa="true" schemaversion="2">
<suite id="s1" name="Tasks" source="c:\Users\VanzaRaitama\Documents\Robocorp\Certificate-Robocorp-Level-2\tasks.robot">
<test id="s1-t1" name="Order robots from RobotSpareBin Industries Inc">
<kw name="Open the robot order website">
<kw name="Open Browser">
<arg>${URL}</arg>
<arg>chrome</arg>
<arg>executable_path=${DRIVER}</arg>
<msg timestamp="20220119 11:14:28.769" level="FAIL">No keyword with name 'Open Browser' found.</msg>
<status status="FAIL" starttime="20220119 11:14:28.767" endtime="20220119 11:14:28.770"/>
</kw>
<kw name="Maximize Browser Window">
<status status="NOT RUN" starttime="20220119 11:14:28.805" endtime="20220119 11:14:28.806"/>
</kw>
<kw name="Sleep" library="BuiltIn">
<arg>5000ms</arg>
<doc>Pauses the test executed for the given time.</doc>
<status status="NOT RUN" starttime="20220119 11:14:28.808" endtime="20220119 11:14:28.810"/>
</kw>
<status status="FAIL" starttime="20220119 11:14:28.720" endtime="20220119 11:14:28.817"/>
</kw>
<kw name="Get orders">
<var>${orders}</var>
<status status="NOT RUN" starttime="20220119 11:14:28.824" endtime="20220119 11:14:28.827"/>
</kw>
<for flavor="IN">
<var>${row}</var>
<value>@{orders}</value>
<iter>
<var name="${row}">${row}</var>
<kw name="Close the annoying modal">
<status status="NOT RUN" starttime="20220119 11:14:28.838" endtime="20220119 11:14:28.841"/>
</kw>
<kw name="Fill the form">
<arg>${row}</arg>
<status status="NOT RUN" starttime="20220119 11:14:28.844" endtime="20220119 11:14:28.846"/>
</kw>
<kw name="Preview the robot">
<status status="NOT RUN" starttime="20220119 11:14:28.850" endtime="20220119 11:14:28.852"/>
</kw>
<kw name="Submit the order">
<status status="NOT RUN" starttime="20220119 11:14:28.855" endtime="20220119 11:14:28.857"/>
</kw>
<kw name="Store the receipt as a PDF file">
<var>${pdf}</var>
<arg>${row}[Order number]</arg>
<status status="NOT RUN" starttime="20220119 11:14:28.860" endtime="20220119 11:14:28.863"/>
</kw>
<kw name="Take a screenshot of the robot">
<var>${screenshot}</var>
<arg>${row}[Order number]</arg>
<status status="NOT RUN" starttime="20220119 11:14:28.867" endtime="20220119 11:14:28.869"/>
</kw>
<kw name="Embed the robot screenshot to the receipt PDF file">
<arg>${screenshot}</arg>
<arg>${pdf}</arg>
<arg>${row}[Order number]</arg>
<status status="NOT RUN" starttime="20220119 11:14:28.872" endtime="20220119 11:14:28.875"/>
</kw>
<kw name="Go to order another robot">
<status status="NOT RUN" starttime="20220119 11:14:28.878" endtime="20220119 11:14:28.880"/>
</kw>
<status status="NOT RUN" starttime="20220119 11:14:28.834" endtime="20220119 11:14:28.882"/>
</iter>
<status status="NOT RUN" starttime="20220119 11:14:28.830" endtime="20220119 11:14:28.885"/>
</for>
<kw name="Create a ZIP file of the receipts">
<status status="NOT RUN" starttime="20220119 11:14:28.890" endtime="20220119 11:14:28.892"/>
</kw>
<status status="FAIL" starttime="20220119 11:14:28.703" endtime="20220119 11:14:28.899">No keyword with name 'Open Browser' found.</status>
</test>
<doc>Orders robots from RobotSpareBin Industries Inc.
Saves the order HTML receipt as a PDF file.
Saves the screenshot of the ordered robot.
Embeds the screenshot of the robot to the PDF receipt.
Creates ZIP archive of the receipts and the images.</doc>
<status status="FAIL" starttime="20220119 11:14:28.343" endtime="20220119 11:14:28.909"/>
</suite>
<statistics>
<total>
<stat pass="0" fail="1" skip="0">All Tasks</stat>
</total>
<tag>
</tag>
<suite>
<stat pass="0" fail="1" skip="0" id="s1" name="Tasks">Tasks</stat>
</suite>
</statistics>
<errors>
<msg timestamp="20220119 11:14:28.614" level="ERROR">Error in file 'c:\Users\VanzaRaitama\Documents\Robocorp\Certificate-Robocorp-Level-2\tasks.robot' on line 8: Importing library 'RPA.Browser.Selenium' failed: ModuleNotFoundError: No module named 'RPA.Browser'
Traceback (most recent call last):
  None
PYTHONPATH:
  c:\Users\VanzaRaitama\.vscode\extensions\robocorp.robotframework-lsp-0.36.0\src\robotframework_debug_adapter
  C:\Users\VanzaRaitama\Documents\Robocorp\Certificate-Robocorp-Level-2
  c:\Users\VanzaRaitama\.vscode\extensions\robocorp.robotframework-lsp-0.36.0\src
  c:\Users\VanzaRaitama\.vscode\extensions\robocorp.robotframework-lsp-0.36.0\src\robotframework_ls\vendored
  C:\Users\VanzaRaitama\AppData\Local\robocorp\holotree\b1f3c244e_9679c063\python38.zip
  C:\Users\VanzaRaitama\AppData\Local\robocorp\holotree\b1f3c244e_9679c063\DLLs
  C:\Users\VanzaRaitama\AppData\Local\robocorp\holotree\b1f3c244e_9679c063\lib
  C:\Users\VanzaRaitama\AppData\Local\robocorp\holotree\b1f3c244e_9679c063
  C:\Users\VanzaRaitama\AppData\Local\robocorp\holotree\b1f3c244e_9679c063\lib\site-packages</msg>
<msg timestamp="20220119 11:14:28.621" level="ERROR">Error in file 'c:\Users\VanzaRaitama\Documents\Robocorp\Certificate-Robocorp-Level-2\tasks.robot' on line 9: Importing library 'RPA.HTTP' failed: Module 'RPA' does not contain 'HTTP'.</msg>
<msg timestamp="20220119 11:14:28.626" level="ERROR">Error in file 'c:\Users\VanzaRaitama\Documents\Robocorp\Certificate-Robocorp-Level-2\tasks.robot' on line 10: Importing library 'RPA.Tables' failed: Module 'RPA' does not contain 'Tables'.</msg>
<msg timestamp="20220119 11:14:28.633" level="ERROR">Error in file 'c:\Users\VanzaRaitama\Documents\Robocorp\Certificate-Robocorp-Level-2\tasks.robot' on line 11: Importing library 'RPA.PDF' failed: Module 'RPA' does not contain 'PDF'.</msg>
<msg timestamp="20220119 11:14:28.641" level="ERROR">Error in file 'c:\Users\VanzaRaitama\Documents\Robocorp\Certificate-Robocorp-Level-2\tasks.robot' on line 12: Importing library 'RPA.Archive' failed: Module 'RPA' does not contain 'Archive'.</msg>
<msg timestamp="20220119 11:14:28.648" level="ERROR">Error in file 'c:\Users\VanzaRaitama\Documents\Robocorp\Certificate-Robocorp-Level-2\tasks.robot' on line 13: Importing library 'RPA.FileSystem' failed: Module 'RPA' does not contain 'FileSystem'.</msg>
</errors>
</robot>
